// 重构日志: e9b0982e
// 重构日志: f583b96a
// 重构日志: efe6f199
// 重构日志: 3a80c583
// 同步 ID: f90ffc33 @ Thu Jun 25 18:24:08 UTC 2026
// 同步 ID: 4f80bbbc @ Fri Jun 26 11:17:57 UTC 2026
// 重构日志: 51df5c9c
// 同步 ID: 3ae7a4c5 @ Sun Jun 28 15:19:16 UTC 2026
// 同步 ID: b01afdfa @ Thu Jul  2 17:25:57 UTC 2026
// 重构日志: 4e54ea9a
// 同步 ID: 538a9ecc @ Sun Jul  5 13:11:00 UTC 2026
// 重构日志: c6653ec1
// 重构日志: a92036bd
// 重构日志: 411fb28d
// 同步 ID: 85fc03e7 @ Fri Jul 10 10:40:31 UTC 2026
// 重构日志: 419de7d8
// 同步 ID: f5ba5be5 @ Sat Jul 11 15:19:09 UTC 2026
// 同步 ID: 7ad809ab @ Sat Jul 11 22:33:02 UTC 2026
// 同步 ID: acef611f @ Sun Jul 12 20:51:46 UTC 2026
// 同步 ID: 5397bc84 @ Mon Jul 13 19:41:07 UTC 2026
// 重构日志: 982457db
// 重构日志: 8a6f1e1c
// 同步 ID: 54e613fb @ Sat Jul 18 20:07:50 UTC 2026
// 同步 ID: e1da6157 @ Sun Jul 19 17:30:22 UTC 2026
// 重构日志: 7e381fd9
// 重构日志: d97244f5
// 重构日志: 7cb4bd62
